TN:
SF:/home/claude/itb-week-2/morpho-blue/lib/chimera/lib/forge-std/lib/ds-test/src/test.sol
DA:1,0
DA:18,0
DA:38,0
DA:42,0
DA:47,0
DA:48,0
DA:49,0
DA:51,0
DA:52,0
DA:53,0
DA:54,0
DA:55,0
DA:56,0
DA:59,0
DA:61,0
DA:81,0
DA:83,0
end_of_record

SF:/home/claude/itb-week-2/morpho-blue/lib/chimera/lib/forge-std/src/Base.sol
end_of_record

SF:/home/claude/itb-week-2/morpho-blue/lib/chimera/lib/forge-std/src/StdAssertions.sol
end_of_record

SF:/home/claude/itb-week-2/morpho-blue/lib/chimera/lib/forge-std/src/StdChains.sol
DA:66,0
end_of_record

SF:/home/claude/itb-week-2/morpho-blue/lib/chimera/lib/forge-std/src/StdCheats.sol
end_of_record

SF:/home/claude/itb-week-2/morpho-blue/lib/chimera/lib/forge-std/src/StdError.sol
DA:5,0
DA:6,0
DA:7,0
DA:8,0
DA:9,0
DA:10,0
DA:11,0
DA:12,0
DA:13,0
DA:14,0
end_of_record

SF:/home/claude/itb-week-2/morpho-blue/lib/chimera/lib/forge-std/src/StdInvariant.sol
DA:54,0
DA:72,0
DA:73,0
DA:76,0
DA:77,0
DA:80,0
DA:81,0
DA:84,0
DA:85,0
DA:88,0
DA:89,0
DA:92,0
DA:93,0
DA:96,0
DA:97,0
DA:100,0
DA:101,0
DA:104,0
DA:105,0
end_of_record

SF:/home/claude/itb-week-2/morpho-blue/lib/chimera/lib/forge-std/src/StdJson.sol
DA:29,0
end_of_record

SF:/home/claude/itb-week-2/morpho-blue/lib/chimera/lib/forge-std/src/StdMath.sol
DA:4,0
end_of_record

SF:/home/claude/itb-week-2/morpho-blue/lib/chimera/lib/forge-std/src/StdStorage.sol
DA:16,0
DA:234,0
end_of_record

SF:/home/claude/itb-week-2/morpho-blue/lib/chimera/lib/forge-std/src/StdStyle.sol
DA:6,0
end_of_record

SF:/home/claude/itb-week-2/morpho-blue/lib/chimera/lib/forge-std/src/StdUtils.sol
end_of_record

SF:/home/claude/itb-week-2/morpho-blue/lib/chimera/lib/forge-std/src/Test.sol
end_of_record

SF:/home/claude/itb-week-2/morpho-blue/lib/chimera/lib/forge-std/src/Vm.sol
end_of_record

SF:/home/claude/itb-week-2/morpho-blue/lib/chimera/lib/forge-std/src/console.sol
DA:4,0
end_of_record

SF:/home/claude/itb-week-2/morpho-blue/lib/chimera/lib/forge-std/src/console2.sol
DA:9,0
end_of_record

SF:/home/claude/itb-week-2/morpho-blue/lib/chimera/lib/forge-std/src/interfaces/IMulticall3.sol
end_of_record

SF:/home/claude/itb-week-2/morpho-blue/lib/chimera/lib/forge-std/src/safeconsole.sol
DA:6,0
end_of_record

SF:/home/claude/itb-week-2/morpho-blue/lib/chimera/src/Asserts.sol
end_of_record

SF:/home/claude/itb-week-2/morpho-blue/lib/chimera/src/BaseProperties.sol
end_of_record

SF:/home/claude/itb-week-2/morpho-blue/lib/chimera/src/BaseSetup.sol
end_of_record

SF:/home/claude/itb-week-2/morpho-blue/lib/chimera/src/BaseTargetFunctions.sol
end_of_record

SF:/home/claude/itb-week-2/morpho-blue/lib/chimera/src/CryticAsserts.sol
DA:6,0
end_of_record

SF:/home/claude/itb-week-2/morpho-blue/lib/chimera/src/FoundryAsserts.sol
DA:7,0
end_of_record

SF:/home/claude/itb-week-2/morpho-blue/lib/chimera/src/Hevm.sol
DA:61,22
end_of_record

SF:/home/claude/itb-week-2/morpho-blue/lib/setup-helpers/src/ActorManager.sol
DA:30,6
DA:31,8
DA:35,37
DA:36,74
DA:40,2
DA:41,4
DA:76,3
DA:77,7
DA:78,12
end_of_record

SF:/home/claude/itb-week-2/morpho-blue/lib/setup-helpers/src/AssetManager.sol
DA:29,4
DA:30,7
DA:31,0
DA:34,5
DA:38,4
DA:39,7
DA:45,6
DA:46,53
DA:47,9
DA:48,24
DA:54,4
DA:55,20
DA:56,0
DA:59,12
DA:75,2
DA:76,7
DA:77,16
DA:86,5
DA:89,6
DA:90,22
DA:91,24
DA:98,1
DA:100,7
DA:101,20
DA:102,22
DA:103,62
DA:104,79
DA:112,1
DA:114,7
DA:115,20
DA:116,21
DA:117,62
DA:118,77
end_of_record

SF:/home/claude/itb-week-2/morpho-blue/lib/setup-helpers/src/EnumerableSet.sol
DA:41,0
DA:65,3
DA:66,4
DA:67,44
DA:70,36
DA:71,4
DA:73,0
DA:120,2
DA:121,52
DA:141,7
DA:142,24
DA:153,6
DA:154,69
DA:243,10
DA:244,14
DA:260,4
DA:261,7
DA:281,8
DA:282,7
DA:293,4
DA:294,7
end_of_record

SF:/home/claude/itb-week-2/morpho-blue/lib/setup-helpers/src/MockERC20.sol
DA:34,8
DA:36,0
DA:38,0
DA:44,0
DA:46,0
DA:48,0
DA:58,0
DA:65,6
DA:66,7
DA:67,5
DA:69,3
DA:70,6
DA:77,24
DA:78,30
DA:80,13
DA:82,1
DA:85,14
DA:86,11
DA:87,17
DA:89,23
DA:94,16
DA:97,14
DA:99,2
DA:102,0
DA:103,0
DA:104,0
DA:106,0
DA:107,8
DA:108,0
DA:111,0
DA:112,0
DA:117,0
DA:120,0
DA:122,0
DA:129,0
DA:133,0
DA:138,0
DA:139,0
DA:140,0
DA:142,0
DA:143,0
DA:144,0
DA:145,0
DA:151,0
DA:162,0
DA:164,0
DA:167,0
DA:170,0
DA:171,0
DA:174,4
DA:175,8
DA:176,15
DA:177,1
DA:178,18
DA:179,1
DA:180,1
DA:181,1
DA:190,5
DA:191,12
DA:192,8
DA:193,4
DA:198,22
DA:201,11
DA:204,0
DA:205,0
DA:206,0
DA:208,0
DA:213,0
DA:216,0
DA:220,107
DA:221,31
DA:223,16
DA:224,6
DA:227,0
DA:228,0
end_of_record

SF:/home/claude/itb-week-2/morpho-blue/lib/setup-helpers/src/Panic.sol
DA:4,0
end_of_record

SF:/home/claude/itb-week-2/morpho-blue/lib/setup-helpers/src/Utils.sol
DA:6,0
end_of_record

SF:/home/claude/itb-week-2/morpho-blue/src/Morpho.sol
DA:38,202
DA:49,0
DA:54,0
DA:56,0
DA:58,0
DA:60,0
DA:62,0
DA:64,0
DA:66,0
DA:68,0
DA:70,0
DA:75,28
DA:76,21
DA:78,30
DA:79,13
DA:81,3
DA:88,203
DA:95,15
DA:96,42
DA:98,15
DA:100,5
DA:104,13
DA:105,55
DA:107,23
DA:109,4
DA:113,13
DA:114,52
DA:115,34
DA:117,21
DA:119,13
DA:123,11
DA:124,1
DA:125,51
DA:126,0
DA:127,0
DA:130,0
DA:133,0
DA:135,0
DA:139,13
DA:140,42
DA:142,14
DA:144,5
DA:150,14
DA:151,1
DA:152,56
DA:153,55
DA:154,42
DA:157,29
DA:158,98
DA:160,15
DA:166,11
DA:172,2
DA:173,6
DA:174,53
DA:175,0
DA:176,0
DA:178,0
DA:180,0
DA:181,0
DA:183,0
DA:184,0
DA:185,0
DA:187,0
DA:189,0
DA:197,11
DA:203,2
DA:204,6
DA:205,53
DA:206,0
DA:207,0
DA:209,0
DA:211,0
DA:213,0
DA:214,0
DA:216,0
DA:217,0
DA:218,0
DA:220,0
DA:222,0
DA:232,11
DA:238,2
DA:239,6
DA:240,53
DA:241,0
DA:242,0
DA:244,0
DA:246,0
DA:248,0
DA:249,0
DA:251,0
DA:252,0
DA:253,0
DA:255,0
DA:256,0
DA:258,0
DA:260,0
DA:262,0
DA:266,11
DA:272,2
DA:273,6
DA:274,53
DA:275,0
DA:276,0
DA:278,0
DA:280,0
DA:281,0
DA:283,0
DA:284,0
DA:285,0
DA:288,0
DA:290,0
DA:292,0
DA:294,0
DA:300,17
DA:302,1
DA:303,1
DA:304,51
DA:305,0
DA:306,0
DA:310,0
DA:312,0
DA:314,0
DA:316,1
DA:320,11
DA:322,0
DA:323,1
DA:324,51
DA:325,0
DA:326,0
DA:328,0
DA:330,0
DA:332,0
DA:334,0
DA:336,0
DA:338,0
DA:344,11
DA:350,2
DA:351,6
DA:352,53
DA:353,0
DA:355,0
DA:357,0
DA:359,0
DA:361,0
DA:362,0
DA:364,0
DA:366,0
DA:369,0
DA:370,0
DA:371,0
DA:372,0
DA:374,0
DA:375,0
DA:376,0
DA:380,0
DA:381,0
DA:382,0
DA:384,0
DA:386,0
DA:387,0
DA:388,0
DA:389,0
DA:390,0
DA:391,0
DA:394,0
DA:395,0
DA:396,0
DA:397,0
DA:400,0
DA:403,0
DA:405,0
DA:407,0
DA:409,0
DA:415,11
DA:416,9
DA:418,17
DA:420,54
DA:422,0
DA:428,14
DA:429,45
DA:431,11
DA:435,11
DA:436,40
DA:437,64
DA:439,25
DA:440,29
DA:441,57
DA:443,53
DA:445,0
DA:447,0
DA:449,0
DA:450,0
DA:455,2
DA:456,2
DA:462,11
DA:463,1
DA:464,51
DA:466,0
DA:471,0
DA:472,0
DA:474,0
DA:476,0
DA:477,0
DA:478,0
DA:479,0
DA:482,0
DA:483,0
DA:486,0
DA:487,0
DA:488,0
DA:491,0
DA:494,0
DA:501,0
DA:502,0
DA:504,0
DA:506,0
DA:513,0
DA:516,0
DA:518,0
DA:519,0
DA:521,0
DA:522,0
DA:524,0
DA:530,0
DA:531,0
DA:533,0
DA:535,0
DA:536,0
DA:538,0
DA:539,0
end_of_record

SF:/home/claude/itb-week-2/morpho-blue/src/interfaces/IERC20.sol
end_of_record

SF:/home/claude/itb-week-2/morpho-blue/src/interfaces/IIrm.sol
end_of_record

SF:/home/claude/itb-week-2/morpho-blue/src/interfaces/IMorpho.sol
end_of_record

SF:/home/claude/itb-week-2/morpho-blue/src/interfaces/IMorphoCallbacks.sol
end_of_record

SF:/home/claude/itb-week-2/morpho-blue/src/interfaces/IOracle.sol
end_of_record

SF:/home/claude/itb-week-2/morpho-blue/src/libraries/ConstantsLib.sol
DA:5,0
DA:8,0
DA:11,0
DA:14,0
DA:17,1
DA:21,1
end_of_record

SF:/home/claude/itb-week-2/morpho-blue/src/libraries/ErrorsLib.sol
DA:8,0
end_of_record

SF:/home/claude/itb-week-2/morpho-blue/src/libraries/EventsLib.sol
DA:10,0
end_of_record

SF:/home/claude/itb-week-2/morpho-blue/src/libraries/MarketParamsLib.sol
DA:10,0
DA:16,5
DA:18,35
end_of_record

SF:/home/claude/itb-week-2/morpho-blue/src/libraries/MathLib.sol
DA:4,1
DA:10,0
DA:12,0
DA:13,0
DA:17,0
DA:18,0
DA:22,0
DA:23,0
DA:27,0
DA:28,0
DA:32,0
DA:33,0
DA:38,0
DA:39,0
DA:40,0
DA:41,0
DA:43,0
end_of_record

SF:/home/claude/itb-week-2/morpho-blue/src/libraries/SafeTransferLib.sol
DA:19,0
DA:21,1
DA:22,8
DA:23,92
DA:24,34
DA:25,42
DA:29,0
DA:30,0
DA:31,0
DA:32,0
DA:33,0
end_of_record

SF:/home/claude/itb-week-2/morpho-blue/src/libraries/SharesMathLib.sol
DA:12,0
DA:17,0
DA:21,0
DA:24,7
DA:25,0
DA:29,0
DA:30,0
DA:34,0
DA:35,0
DA:39,0
DA:40,0
end_of_record

SF:/home/claude/itb-week-2/morpho-blue/src/libraries/UtilsLib.sol
DA:11,0
DA:15,0
DA:20,0
DA:22,0
DA:27,0
DA:28,0
DA:29,0
DA:35,0
end_of_record

SF:/home/claude/itb-week-2/morpho-blue/src/libraries/periphery/MorphoBalancesLib.sol
DA:20,0
end_of_record

SF:/home/claude/itb-week-2/morpho-blue/src/libraries/periphery/MorphoLib.sol
DA:12,0
end_of_record

SF:/home/claude/itb-week-2/morpho-blue/src/libraries/periphery/MorphoStorageLib.sol
DA:11,0
end_of_record

SF:/home/claude/itb-week-2/morpho-blue/src/mocks/ERC20Mock.sol
DA:6,0
DA:7,0
DA:9,0
DA:10,0
DA:12,0
DA:13,0
DA:14,0
DA:16,0
DA:19,0
DA:20,0
DA:22,0
DA:24,0
DA:27,0
DA:28,0
DA:30,0
DA:31,0
DA:33,0
DA:38,0
DA:39,0
DA:41,0
DA:43,0
DA:45,0
DA:46,0
DA:48,0
DA:50,0
end_of_record

SF:/home/claude/itb-week-2/morpho-blue/src/mocks/FlashBorrowerMock.sol
DA:8,0
DA:11,0
DA:12,0
DA:15,0
DA:16,0
DA:19,0
DA:20,0
DA:21,0
DA:22,0
end_of_record

SF:/home/claude/itb-week-2/morpho-blue/src/mocks/IrmMock.sol
DA:9,0
DA:12,0
DA:13,0
DA:15,0
DA:19,0
DA:22,0
DA:23,0
end_of_record

SF:/home/claude/itb-week-2/morpho-blue/src/mocks/OracleMock.sol
DA:6,50
DA:7,0
DA:9,0
DA:10,0
end_of_record

SF:/home/claude/itb-week-2/morpho-blue/src/mocks/interfaces/IERC20.sol
end_of_record

SF:/home/claude/itb-week-2/morpho-blue/test/recon/BeforeAfter.sol
DA:18,1
end_of_record

SF:/home/claude/itb-week-2/morpho-blue/test/recon/CryticTester.sol
DA:10,229
DA:12,4
end_of_record

SF:/home/claude/itb-week-2/morpho-blue/test/recon/CryticToFoundry.sol
DA:13,0
DA:14,0
DA:15,0
DA:17,0
end_of_record

SF:/home/claude/itb-week-2/morpho-blue/test/recon/Properties.sol
end_of_record

SF:/home/claude/itb-week-2/morpho-blue/test/recon/Setup.sol
DA:22,55
DA:25,0
DA:26,0
DA:30,0
DA:33,0
DA:47,5
DA:49,36
DA:52,36
DA:55,36
DA:58,5
DA:59,5
DA:62,45
DA:63,46
DA:65,11
DA:66,38
DA:67,15
DA:68,20
DA:69,4
DA:70,4
DA:71,1
DA:74,40
DA:77,44
DA:78,26
DA:80,9
DA:87,41
DA:92,760
end_of_record

SF:/home/claude/itb-week-2/morpho-blue/test/recon/TargetFunctions.sol
end_of_record

SF:/home/claude/itb-week-2/morpho-blue/test/recon/targets/AdminTargets.sol
end_of_record

SF:/home/claude/itb-week-2/morpho-blue/test/recon/targets/DoomsdayTargets.sol
end_of_record

SF:/home/claude/itb-week-2/morpho-blue/test/recon/targets/ManagersTargets.sol
DA:22,11
DA:23,4
DA:28,13
DA:29,5
DA:33,24
DA:34,7
DA:44,14
DA:45,66
DA:49,11
DA:50,36
end_of_record

SF:/home/claude/itb-week-2/morpho-blue/test/recon/targets/MorphoTargets.sol
DA:24,11
DA:25,22
DA:28,11
DA:29,30
DA:32,13
DA:33,61
DA:36,11
DA:37,18
DA:40,11
DA:41,18
DA:44,11
DA:45,60
DA:48,11
DA:49,30
DA:52,11
DA:53,30
DA:56,11
DA:57,18
DA:60,11
DA:61,18
DA:64,14
DA:65,63
DA:68,11
DA:69,18
DA:72,11
DA:73,18
DA:76,13
DA:77,55
DA:80,11
DA:81,28
DA:84,11
DA:85,30
DA:88,11
DA:89,62
end_of_record

