TN:
SF:/home/claude/itb-week-2/morpho-blue/lib/chimera/lib/forge-std/lib/ds-test/src/test.sol
DA:1,0
DA:18,0
DA:38,0
DA:42,0
DA:47,0
DA:48,0
DA:49,0
DA:51,0
DA:52,0
DA:53,0
DA:54,0
DA:55,0
DA:56,0
DA:59,0
DA:61,0
DA:65,0
DA:66,0
DA:67,0
DA:68,0
DA:69,0
DA:70,0
DA:75,0
DA:81,0
DA:83,0
DA:93,0
DA:94,0
DA:95,0
DA:96,0
DA:100,0
DA:101,0
DA:102,0
DA:103,0
DA:157,0
DA:158,0
DA:159,0
DA:160,0
DA:161,0
DA:165,0
DA:166,0
DA:167,0
DA:168,0
DA:293,0
DA:294,0
DA:295,0
DA:301,0
DA:302,0
DA:303,0
DA:304,0
DA:350,0
DA:351,0
DA:352,0
DA:353,0
DA:354,0
DA:355,0
DA:358,0
DA:359,0
DA:360,0
DA:361,0
DA:407,0
DA:408,0
DA:409,0
DA:415,0
DA:416,0
DA:417,0
DA:418,0
DA:464,0
DA:465,0
DA:466,0
DA:472,0
DA:473,0
DA:474,0
DA:475,0
end_of_record

SF:/home/claude/itb-week-2/morpho-blue/lib/chimera/lib/forge-std/src/Base.sol
end_of_record

SF:/home/claude/itb-week-2/morpho-blue/lib/chimera/lib/forge-std/src/StdAssertions.sol
end_of_record

SF:/home/claude/itb-week-2/morpho-blue/lib/chimera/lib/forge-std/src/StdChains.sol
DA:66,0
end_of_record

SF:/home/claude/itb-week-2/morpho-blue/lib/chimera/lib/forge-std/src/StdCheats.sol
end_of_record

SF:/home/claude/itb-week-2/morpho-blue/lib/chimera/lib/forge-std/src/StdError.sol
DA:5,0
DA:6,0
DA:7,0
DA:8,0
DA:9,0
DA:10,0
DA:11,0
DA:12,0
DA:13,0
DA:14,0
end_of_record

SF:/home/claude/itb-week-2/morpho-blue/lib/chimera/lib/forge-std/src/StdInvariant.sol
DA:54,0
DA:72,0
DA:73,0
DA:76,0
DA:77,0
DA:80,0
DA:81,0
DA:84,0
DA:85,0
DA:88,0
DA:89,0
DA:92,0
DA:93,0
DA:96,0
DA:97,0
DA:100,0
DA:101,0
DA:104,0
DA:105,0
end_of_record

SF:/home/claude/itb-week-2/morpho-blue/lib/chimera/lib/forge-std/src/StdJson.sol
DA:29,0
end_of_record

SF:/home/claude/itb-week-2/morpho-blue/lib/chimera/lib/forge-std/src/StdMath.sol
DA:4,0
end_of_record

SF:/home/claude/itb-week-2/morpho-blue/lib/chimera/lib/forge-std/src/StdStorage.sol
DA:16,0
DA:234,0
end_of_record

SF:/home/claude/itb-week-2/morpho-blue/lib/chimera/lib/forge-std/src/StdStyle.sol
DA:6,0
end_of_record

SF:/home/claude/itb-week-2/morpho-blue/lib/chimera/lib/forge-std/src/StdUtils.sol
end_of_record

SF:/home/claude/itb-week-2/morpho-blue/lib/chimera/lib/forge-std/src/Test.sol
end_of_record

SF:/home/claude/itb-week-2/morpho-blue/lib/chimera/lib/forge-std/src/Vm.sol
end_of_record

SF:/home/claude/itb-week-2/morpho-blue/lib/chimera/lib/forge-std/src/console.sol
DA:4,0
end_of_record

SF:/home/claude/itb-week-2/morpho-blue/lib/chimera/lib/forge-std/src/console2.sol
DA:9,0
end_of_record

SF:/home/claude/itb-week-2/morpho-blue/lib/chimera/lib/forge-std/src/interfaces/IMulticall3.sol
end_of_record

SF:/home/claude/itb-week-2/morpho-blue/lib/chimera/lib/forge-std/src/safeconsole.sol
DA:6,0
end_of_record

SF:/home/claude/itb-week-2/morpho-blue/lib/chimera/src/Asserts.sol
end_of_record

SF:/home/claude/itb-week-2/morpho-blue/lib/chimera/src/BaseProperties.sol
end_of_record

SF:/home/claude/itb-week-2/morpho-blue/lib/chimera/src/BaseSetup.sol
end_of_record

SF:/home/claude/itb-week-2/morpho-blue/lib/chimera/src/BaseTargetFunctions.sol
end_of_record

SF:/home/claude/itb-week-2/morpho-blue/lib/chimera/src/CryticAsserts.sol
DA:6,0
DA:9,1
DA:10,5
DA:11,0
DA:16,1
DA:17,6
DA:18,8
DA:19,3
DA:23,1
DA:24,5
DA:25,0
DA:30,1
DA:31,6
DA:32,0
DA:37,1
DA:38,5
DA:39,9
DA:44,1
DA:45,3
DA:46,0
DA:47,0
end_of_record

SF:/home/claude/itb-week-2/morpho-blue/lib/chimera/src/FoundryAsserts.sol
DA:7,0
DA:8,0
DA:9,0
DA:12,0
DA:13,0
DA:16,0
DA:17,0
DA:20,0
DA:21,0
DA:24,0
DA:25,0
DA:28,0
DA:29,0
end_of_record

SF:/home/claude/itb-week-2/morpho-blue/lib/chimera/src/Hevm.sol
DA:61,39
end_of_record

SF:/home/claude/itb-week-2/morpho-blue/lib/setup-helpers/src/ActorManager.sol
DA:30,6
DA:31,8
DA:35,83
DA:36,172
DA:40,6
DA:41,11
DA:45,1
DA:46,10
DA:47,0
DA:50,7
DA:51,0
DA:54,5
DA:76,3
DA:77,7
DA:78,12
end_of_record

SF:/home/claude/itb-week-2/morpho-blue/lib/setup-helpers/src/AssetManager.sol
DA:29,4
DA:30,7
DA:31,0
DA:34,5
DA:38,6
DA:39,11
DA:45,6
DA:46,53
DA:47,9
DA:48,24
DA:54,2
DA:55,20
DA:56,0
DA:59,10
DA:75,2
DA:76,7
DA:77,16
DA:86,5
DA:89,6
DA:90,22
DA:91,24
DA:98,1
DA:100,7
DA:101,20
DA:102,22
DA:103,62
DA:104,79
DA:112,1
DA:114,7
DA:115,20
DA:116,21
DA:117,62
DA:118,77
end_of_record

SF:/home/claude/itb-week-2/morpho-blue/lib/setup-helpers/src/EnumerableSet.sol
DA:41,0
DA:65,3
DA:66,4
DA:67,44
DA:70,36
DA:71,4
DA:73,0
DA:120,2
DA:121,52
DA:141,7
DA:142,21
DA:153,12
DA:154,138
DA:243,10
DA:244,14
DA:260,4
DA:261,7
DA:281,2
DA:282,5
DA:293,6
DA:294,12
end_of_record

SF:/home/claude/itb-week-2/morpho-blue/lib/setup-helpers/src/MockERC20.sol
DA:34,8
DA:36,0
DA:38,0
DA:44,4
DA:46,21
DA:48,0
DA:58,0
DA:65,6
DA:66,7
DA:67,5
DA:69,3
DA:70,6
DA:77,24
DA:78,30
DA:80,13
DA:82,1
DA:85,14
DA:86,11
DA:87,17
DA:89,23
DA:94,16
DA:97,14
DA:99,2
DA:102,16
DA:103,25
DA:104,10
DA:106,6
DA:107,24
DA:108,31
DA:111,16
DA:112,29
DA:117,16
DA:120,11
DA:122,2
DA:129,0
DA:133,0
DA:138,0
DA:139,0
DA:140,0
DA:142,0
DA:143,0
DA:144,0
DA:145,0
DA:151,0
DA:162,0
DA:164,0
DA:167,0
DA:170,0
DA:171,0
DA:174,4
DA:175,8
DA:176,15
DA:177,1
DA:178,18
DA:179,1
DA:180,1
DA:181,1
DA:190,5
DA:191,12
DA:192,8
DA:193,4
DA:198,22
DA:201,11
DA:204,0
DA:205,0
DA:206,0
DA:208,0
DA:213,0
DA:216,0
DA:220,113
DA:221,31
DA:223,16
DA:224,6
DA:227,0
DA:228,0
end_of_record

SF:/home/claude/itb-week-2/morpho-blue/lib/setup-helpers/src/Panic.sol
DA:4,0
end_of_record

SF:/home/claude/itb-week-2/morpho-blue/lib/setup-helpers/src/Utils.sol
DA:6,0
end_of_record

SF:/home/claude/itb-week-2/morpho-blue/src/Morpho.sol
DA:38,212
DA:49,0
DA:54,9
DA:56,13
DA:58,52
DA:60,69
DA:62,0
DA:64,0
DA:66,0
DA:68,0
DA:70,61
DA:75,28
DA:76,21
DA:78,30
DA:79,13
DA:81,3
DA:88,203
DA:95,15
DA:96,42
DA:98,15
DA:100,5
DA:104,13
DA:105,55
DA:107,23
DA:109,4
DA:113,13
DA:114,52
DA:115,22
DA:117,21
DA:119,13
DA:123,15
DA:124,1
DA:125,40
DA:126,58
DA:127,36
DA:130,6
DA:133,30
DA:135,13
DA:139,13
DA:140,42
DA:142,14
DA:144,5
DA:150,14
DA:151,1
DA:152,56
DA:153,55
DA:154,54
DA:157,29
DA:158,98
DA:160,15
DA:166,11
DA:172,2
DA:173,6
DA:174,42
DA:175,32
DA:176,36
DA:178,6
DA:180,37
DA:181,29
DA:183,38
DA:184,52
DA:185,49
DA:187,24
DA:189,25
DA:197,11
DA:203,2
DA:204,6
DA:205,42
DA:206,32
DA:207,36
DA:209,39
DA:211,6
DA:213,37
DA:214,29
DA:216,38
DA:217,52
DA:218,52
DA:220,51
DA:222,18
DA:232,14
DA:238,2
DA:239,6
DA:240,42
DA:241,32
DA:242,36
DA:244,39
DA:246,6
DA:248,39
DA:249,31
DA:251,64
DA:252,53
DA:253,51
DA:255,40
DA:256,63
DA:258,25
DA:260,11
DA:262,4
DA:266,26
DA:272,2
DA:273,6
DA:274,42
DA:275,32
DA:276,36
DA:278,6
DA:280,39
DA:281,31
DA:283,64
DA:284,56
DA:285,53
DA:288,17
DA:290,41
DA:292,12
DA:294,4
DA:300,17
DA:302,1
DA:303,1
DA:304,40
DA:305,33
DA:306,36
DA:310,66
DA:312,21
DA:314,62
DA:316,14
DA:320,16
DA:322,1
DA:323,1
DA:324,40
DA:325,33
DA:326,36
DA:328,39
DA:330,6
DA:332,66
DA:334,40
DA:336,24
DA:338,13
DA:344,14
DA:350,2
DA:351,6
DA:352,42
DA:353,33
DA:355,6
DA:357,65
DA:359,43
DA:361,1
DA:362,1
DA:364,4
DA:366,23
DA:369,8
DA:370,4
DA:371,12
DA:372,29
DA:374,31
DA:375,2
DA:376,12
DA:380,64
DA:381,56
DA:382,42
DA:384,66
DA:386,1
DA:387,50
DA:388,0
DA:389,0
DA:390,0
DA:391,0
DA:394,0
DA:395,0
DA:396,0
DA:397,0
DA:400,13
DA:403,20
DA:405,62
DA:407,12
DA:409,4
DA:415,16
DA:416,9
DA:418,17
DA:420,58
DA:422,11
DA:428,14
DA:429,45
DA:431,11
DA:435,11
DA:436,40
DA:437,64
DA:439,25
DA:440,29
DA:441,57
DA:443,53
DA:445,0
DA:447,0
DA:449,0
DA:450,0
DA:455,4
DA:456,37
DA:462,14
DA:463,1
DA:464,41
DA:466,6
DA:471,5
DA:472,23
DA:474,7
DA:476,84
DA:477,28
DA:478,51
DA:479,52
DA:482,21
DA:483,29
DA:486,48
DA:487,37
DA:488,52
DA:491,14
DA:494,22
DA:501,4
DA:502,35
DA:504,65
DA:506,9
DA:513,3
DA:516,3
DA:518,30
DA:519,27
DA:521,44
DA:522,5
DA:524,6
DA:530,0
DA:531,0
DA:533,0
DA:535,0
DA:536,0
DA:538,0
DA:539,0
end_of_record

SF:/home/claude/itb-week-2/morpho-blue/src/interfaces/IERC20.sol
end_of_record

SF:/home/claude/itb-week-2/morpho-blue/src/interfaces/IIrm.sol
end_of_record

SF:/home/claude/itb-week-2/morpho-blue/src/interfaces/IMorpho.sol
end_of_record

SF:/home/claude/itb-week-2/morpho-blue/src/interfaces/IMorphoCallbacks.sol
end_of_record

SF:/home/claude/itb-week-2/morpho-blue/src/interfaces/IOracle.sol
end_of_record

SF:/home/claude/itb-week-2/morpho-blue/src/libraries/ConstantsLib.sol
DA:5,1
DA:8,3
DA:11,2
DA:14,1
DA:17,1
DA:21,1
end_of_record

SF:/home/claude/itb-week-2/morpho-blue/src/libraries/ErrorsLib.sol
DA:8,0
end_of_record

SF:/home/claude/itb-week-2/morpho-blue/src/libraries/EventsLib.sol
DA:10,0
end_of_record

SF:/home/claude/itb-week-2/morpho-blue/src/libraries/MarketParamsLib.sol
DA:10,0
DA:16,5
DA:18,35
end_of_record

SF:/home/claude/itb-week-2/morpho-blue/src/libraries/MathLib.sol
DA:4,10
DA:10,0
DA:12,2
DA:13,5
DA:17,2
DA:18,5
DA:22,2
DA:23,5
DA:27,2
DA:28,6
DA:32,2
DA:33,24
DA:38,5
DA:39,9
DA:40,12
DA:41,10
DA:43,13
end_of_record

SF:/home/claude/itb-week-2/morpho-blue/src/libraries/SafeTransferLib.sol
DA:19,0
DA:21,1
DA:22,8
DA:23,92
DA:24,34
DA:25,42
DA:29,8
DA:30,8
DA:31,92
DA:32,34
DA:33,44
end_of_record

SF:/home/claude/itb-week-2/morpho-blue/src/libraries/SharesMathLib.sol
DA:12,0
DA:17,4
DA:21,4
DA:24,9
DA:25,19
DA:29,2
DA:30,10
DA:34,2
DA:35,10
DA:39,2
DA:40,16
end_of_record

SF:/home/claude/itb-week-2/morpho-blue/src/libraries/UtilsLib.sol
DA:11,0
DA:15,25
DA:20,1
DA:22,8
DA:27,5
DA:28,36
DA:29,2
DA:35,12
end_of_record

SF:/home/claude/itb-week-2/morpho-blue/src/libraries/periphery/MorphoBalancesLib.sol
DA:20,0
end_of_record

SF:/home/claude/itb-week-2/morpho-blue/src/libraries/periphery/MorphoLib.sol
DA:12,0
end_of_record

SF:/home/claude/itb-week-2/morpho-blue/src/libraries/periphery/MorphoStorageLib.sol
DA:11,0
end_of_record

SF:/home/claude/itb-week-2/morpho-blue/src/mocks/ERC20Mock.sol
DA:6,0
DA:7,0
DA:9,0
DA:10,0
DA:12,0
DA:13,0
DA:14,0
DA:16,0
DA:19,0
DA:20,0
DA:22,0
DA:24,0
DA:27,0
DA:28,0
DA:30,0
DA:31,0
DA:33,0
DA:38,0
DA:39,0
DA:41,0
DA:43,0
DA:45,0
DA:46,0
DA:48,0
DA:50,0
end_of_record

SF:/home/claude/itb-week-2/morpho-blue/src/mocks/FlashBorrowerMock.sol
DA:8,61
DA:11,27
DA:12,3
DA:15,16
DA:16,56
DA:19,18
DA:20,8
DA:21,11
DA:22,62
end_of_record

SF:/home/claude/itb-week-2/morpho-blue/src/mocks/IrmMock.sol
DA:9,0
DA:12,0
DA:13,0
DA:15,0
DA:19,0
DA:22,0
DA:23,0
end_of_record

SF:/home/claude/itb-week-2/morpho-blue/src/mocks/OracleMock.sol
DA:6,50
DA:7,16
DA:9,11
DA:10,2
end_of_record

SF:/home/claude/itb-week-2/morpho-blue/src/mocks/interfaces/IERC20.sol
end_of_record

SF:/home/claude/itb-week-2/morpho-blue/test/recon/BeforeAfter.sol
DA:36,36
DA:38,16
DA:41,2
DA:42,7
DA:43,53
DA:45,80
DA:46,7
DA:47,5
DA:48,5
DA:49,5
DA:50,5
DA:51,4
DA:53,4
DA:54,66
DA:55,7
DA:56,8
DA:57,6
DA:59,65
DA:60,68
DA:61,63
DA:62,62
DA:65,2
DA:66,7
DA:67,53
DA:69,80
DA:70,7
DA:71,5
DA:72,5
DA:73,5
DA:74,5
DA:75,4
DA:77,4
DA:78,66
DA:79,7
DA:80,8
DA:81,6
DA:83,66
DA:84,68
DA:85,63
DA:86,62
end_of_record

SF:/home/claude/itb-week-2/morpho-blue/test/recon/CryticOptimizer.sol
DA:10,0
DA:14,0
DA:17,0
DA:18,0
DA:19,0
DA:22,0
DA:23,0
DA:24,0
DA:26,0
DA:29,0
DA:30,0
DA:31,0
DA:33,0
DA:34,0
DA:37,0
DA:38,0
DA:39,0
DA:40,0
end_of_record

SF:/home/claude/itb-week-2/morpho-blue/test/recon/CryticTester.sol
DA:10,619
DA:12,4
end_of_record

SF:/home/claude/itb-week-2/morpho-blue/test/recon/CryticToFoundry.sol
DA:13,0
DA:14,0
DA:15,0
DA:17,0
DA:21,0
DA:24,0
DA:27,0
DA:30,0
DA:33,0
DA:40,0
DA:41,0
DA:42,0
DA:44,0
DA:46,0
DA:49,0
DA:50,0
DA:51,0
DA:53,0
DA:55,0
DA:57,0
DA:59,0
DA:62,0
DA:63,0
DA:64,0
DA:66,0
DA:68,0
DA:70,0
DA:73,0
DA:75,0
DA:78,0
DA:81,0
DA:125,0
DA:126,0
DA:129,0
DA:130,0
DA:133,0
DA:134,0
DA:137,0
DA:138,0
DA:141,0
DA:142,0
DA:145,0
DA:146,0
DA:150,0
DA:151,0
DA:152,0
DA:154,0
DA:155,0
DA:157,0
DA:158,0
end_of_record

SF:/home/claude/itb-week-2/morpho-blue/test/recon/Properties.sol
DA:23,5
DA:24,24
DA:25,13
DA:26,71
DA:27,27
DA:31,5
DA:32,24
DA:33,13
DA:34,71
DA:35,7
DA:36,25
DA:43,5
DA:44,24
DA:45,13
DA:46,71
DA:47,7
DA:48,25
DA:53,5
DA:54,23
DA:55,13
DA:56,70
DA:57,27
DA:61,5
DA:62,28
DA:63,13
DA:64,20
DA:65,61
DA:66,3
DA:67,40
DA:68,26
DA:72,5
DA:73,23
DA:74,13
DA:75,70
DA:76,25
DA:80,5
DA:81,23
DA:82,13
DA:83,70
DA:84,24
DA:88,5
DA:89,25
DA:90,13
DA:91,70
DA:92,7
DA:93,1
DA:94,24
DA:95,92
DA:96,10
DA:98,25
DA:102,5
DA:103,25
DA:104,13
DA:105,70
DA:106,7
DA:107,1
DA:108,24
DA:109,89
DA:110,11
DA:112,25
DA:117,6
DA:118,7
DA:119,13
DA:120,76
DA:121,8
DA:122,88
DA:123,60
DA:124,30
DA:128,15
DA:129,7
DA:130,92
DA:131,70
DA:132,8
DA:133,86
DA:134,6
DA:135,1
DA:136,23
DA:137,89
DA:138,11
DA:140,73
DA:141,23
DA:145,5
DA:146,29
DA:147,13
DA:148,70
DA:149,8
DA:150,20
DA:151,59
DA:152,85
DA:153,27
DA:154,30
DA:155,30
DA:156,30
DA:157,26
DA:162,5
DA:163,7
DA:164,28
DA:165,87
DA:166,4
DA:167,76
DA:168,8
DA:169,14
DA:170,1
DA:171,23
DA:172,92
DA:173,10
DA:175,69
DA:176,8
DA:177,65
DA:178,10
DA:180,25
DA:185,5
DA:186,7
DA:187,26
DA:188,87
DA:189,4
DA:190,71
DA:191,8
DA:192,1
DA:193,24
DA:194,89
DA:195,11
DA:197,25
DA:202,5
DA:203,7
DA:204,23
DA:205,13
DA:206,70
DA:207,8
DA:208,25
DA:209,97
DA:210,7
DA:211,25
DA:218,5
DA:219,7
DA:220,25
DA:221,87
DA:222,4
DA:223,70
DA:224,8
DA:225,65
DA:226,11
DA:227,30
DA:228,22
DA:229,68
DA:230,13
DA:231,68
DA:232,3
DA:233,18
DA:234,3
DA:235,15
DA:236,23
DA:245,5
DA:246,8
DA:247,28
DA:251,5
DA:252,8
DA:253,0
DA:257,5
DA:258,8
DA:259,28
DA:263,5
DA:264,8
DA:265,28
DA:269,6
DA:270,28
DA:273,5
DA:274,8
DA:275,28
DA:279,5
DA:280,8
DA:281,0
end_of_record

SF:/home/claude/itb-week-2/morpho-blue/test/recon/Setup.sol
DA:25,55
DA:28,0
DA:29,0
DA:33,2
DA:36,20
DA:55,2
DA:66,4
DA:68,5
DA:69,5
DA:70,5
DA:71,5
DA:74,36
DA:77,36
DA:80,35
DA:82,40
DA:85,9
DA:86,5
DA:89,45
DA:90,42
DA:92,17
DA:94,7
DA:95,114
DA:96,15
DA:97,20
DA:98,4
DA:99,4
DA:100,1
DA:103,39
DA:105,55
DA:108,42
DA:111,21
DA:112,30
DA:114,9
DA:118,6
DA:120,31
DA:121,15
DA:123,11
DA:124,210
DA:132,41
DA:137,810
end_of_record

SF:/home/claude/itb-week-2/morpho-blue/test/recon/TargetFunctions.sol
DA:24,13
DA:25,56
end_of_record

SF:/home/claude/itb-week-2/morpho-blue/test/recon/targets/AdminTargets.sol
end_of_record

SF:/home/claude/itb-week-2/morpho-blue/test/recon/targets/DoomsdayTargets.sol
DA:18,1
DA:19,29
DA:22,17
DA:23,53
DA:24,70
DA:25,8
DA:27,14
DA:28,5
DA:30,36
DA:31,7
DA:32,71
DA:34,36
DA:35,68
DA:37,23
DA:40,11
DA:41,53
DA:42,70
DA:43,8
DA:45,14
DA:46,5
DA:48,36
DA:49,7
DA:50,71
DA:52,36
DA:53,67
DA:55,26
DA:58,5
DA:59,53
DA:60,70
DA:61,8
DA:63,3
DA:64,67
DA:65,14
DA:67,36
DA:68,64
DA:70,65
DA:71,25
DA:74,5
DA:75,53
DA:76,76
DA:77,8
DA:79,57
DA:81,74
DA:83,27
DA:84,27
DA:85,27
end_of_record

SF:/home/claude/itb-week-2/morpho-blue/test/recon/targets/ManagersTargets.sol
DA:22,14
DA:23,7
DA:24,7
DA:25,14
DA:30,11
DA:31,7
DA:32,7
DA:33,12
DA:37,24
DA:38,7
DA:48,11
DA:49,66
DA:53,11
DA:54,50
end_of_record

SF:/home/claude/itb-week-2/morpho-blue/test/recon/targets/MorphoTargets.sol
DA:28,6
DA:29,53
DA:30,71
DA:35,12
DA:36,11
DA:37,6
DA:39,16
DA:40,6
DA:42,71
DA:43,13
DA:45,1
DA:46,8
DA:47,6
DA:50,5
DA:53,11
DA:54,19
DA:57,11
DA:58,18
DA:61,11
DA:63,7
DA:64,26
DA:65,7
DA:68,11
DA:69,19
DA:72,13
DA:73,53
DA:74,70
DA:75,12
DA:76,16
DA:77,5
DA:78,5
DA:79,48
DA:80,6
DA:83,20
DA:84,53
DA:85,70
DA:86,10
DA:87,71
DA:88,11
DA:89,16
DA:90,5
DA:93,14
DA:94,9
DA:97,11
DA:98,8
DA:101,11
DA:103,7
DA:104,4
DA:108,11
DA:110,14
DA:112,5
DA:113,5
DA:115,48
DA:116,5
DA:118,48
DA:119,19
DA:123,11
DA:125,29
DA:127,7
DA:128,28
DA:129,7
DA:132,21
DA:133,33
DA:136,39
DA:139,4
DA:140,5
DA:144,3
DA:147,15
DA:148,71
DA:149,9
DA:150,3
DA:151,15
DA:152,74
DA:153,69
DA:154,23
DA:157,13
DA:158,14
DA:159,6
DA:160,5
DA:163,18
DA:164,53
DA:165,70
DA:166,23
DA:167,6
DA:168,11
DA:169,111
DA:170,57
DA:173,13
DA:174,31
DA:175,79
DA:176,111
DA:177,18
DA:180,13
DA:181,31
DA:182,79
DA:183,111
DA:184,18
DA:187,11
DA:188,7
DA:189,30
DA:190,17
DA:193,12
DA:194,7
DA:195,105
DA:198,5
DA:199,5
DA:200,5
DA:201,44
DA:202,35
DA:203,72
DA:204,17
DA:210,5
DA:211,56
DA:214,13
DA:215,19
DA:218,11
DA:219,51
DA:221,78
DA:222,3
DA:225,11
DA:226,18
DA:229,12
DA:230,23
DA:231,49
DA:233,18
DA:236,11
DA:237,26
DA:240,11
DA:241,30
DA:245,11
DA:246,83
DA:250,11
DA:251,51
DA:254,11
DA:255,18
DA:258,11
DA:259,19
DA:262,11
DA:263,18
DA:266,11
DA:267,18
DA:270,11
DA:271,30
DA:274,15
DA:275,67
DA:278,13
DA:279,19
DA:282,13
DA:283,19
end_of_record

