TN:
SF:/home/claude/itb-week-2/morpho-blue/lib/chimera/lib/forge-std/lib/ds-test/src/test.sol
DA:1,0
DA:18,0
DA:38,0
DA:42,0
DA:47,0
DA:48,0
DA:49,0
DA:51,0
DA:52,0
DA:53,0
DA:54,0
DA:55,0
DA:56,0
DA:59,0
DA:61,0
DA:65,0
DA:66,0
DA:67,0
DA:68,0
DA:69,0
DA:70,0
DA:75,0
DA:81,0
DA:83,0
DA:93,0
DA:94,0
DA:95,0
DA:96,0
DA:100,0
DA:101,0
DA:102,0
DA:103,0
end_of_record

SF:/home/claude/itb-week-2/morpho-blue/lib/chimera/lib/forge-std/src/Base.sol
end_of_record

SF:/home/claude/itb-week-2/morpho-blue/lib/chimera/lib/forge-std/src/StdAssertions.sol
end_of_record

SF:/home/claude/itb-week-2/morpho-blue/lib/chimera/lib/forge-std/src/StdChains.sol
DA:66,0
end_of_record

SF:/home/claude/itb-week-2/morpho-blue/lib/chimera/lib/forge-std/src/StdCheats.sol
end_of_record

SF:/home/claude/itb-week-2/morpho-blue/lib/chimera/lib/forge-std/src/StdError.sol
DA:5,0
DA:6,0
DA:7,0
DA:8,0
DA:9,0
DA:10,0
DA:11,0
DA:12,0
DA:13,0
DA:14,0
end_of_record

SF:/home/claude/itb-week-2/morpho-blue/lib/chimera/lib/forge-std/src/StdInvariant.sol
DA:54,0
DA:72,0
DA:73,0
DA:76,0
DA:77,0
DA:80,0
DA:81,0
DA:84,0
DA:85,0
DA:88,0
DA:89,0
DA:92,0
DA:93,0
DA:96,0
DA:97,0
DA:100,0
DA:101,0
DA:104,0
DA:105,0
end_of_record

SF:/home/claude/itb-week-2/morpho-blue/lib/chimera/lib/forge-std/src/StdJson.sol
DA:29,0
end_of_record

SF:/home/claude/itb-week-2/morpho-blue/lib/chimera/lib/forge-std/src/StdMath.sol
DA:4,0
end_of_record

SF:/home/claude/itb-week-2/morpho-blue/lib/chimera/lib/forge-std/src/StdStorage.sol
DA:16,0
DA:234,0
end_of_record

SF:/home/claude/itb-week-2/morpho-blue/lib/chimera/lib/forge-std/src/StdStyle.sol
DA:6,0
end_of_record

SF:/home/claude/itb-week-2/morpho-blue/lib/chimera/lib/forge-std/src/StdUtils.sol
end_of_record

SF:/home/claude/itb-week-2/morpho-blue/lib/chimera/lib/forge-std/src/Test.sol
end_of_record

SF:/home/claude/itb-week-2/morpho-blue/lib/chimera/lib/forge-std/src/Vm.sol
end_of_record

SF:/home/claude/itb-week-2/morpho-blue/lib/chimera/lib/forge-std/src/console.sol
DA:4,0
end_of_record

SF:/home/claude/itb-week-2/morpho-blue/lib/chimera/lib/forge-std/src/console2.sol
DA:9,0
end_of_record

SF:/home/claude/itb-week-2/morpho-blue/lib/chimera/lib/forge-std/src/interfaces/IMulticall3.sol
end_of_record

SF:/home/claude/itb-week-2/morpho-blue/lib/chimera/lib/forge-std/src/safeconsole.sol
DA:6,0
end_of_record

SF:/home/claude/itb-week-2/morpho-blue/lib/chimera/src/Asserts.sol
end_of_record

SF:/home/claude/itb-week-2/morpho-blue/lib/chimera/src/BaseProperties.sol
end_of_record

SF:/home/claude/itb-week-2/morpho-blue/lib/chimera/src/BaseSetup.sol
end_of_record

SF:/home/claude/itb-week-2/morpho-blue/lib/chimera/src/BaseTargetFunctions.sol
end_of_record

SF:/home/claude/itb-week-2/morpho-blue/lib/chimera/src/CryticAsserts.sol
DA:6,0
DA:44,1
DA:45,3
DA:46,17
DA:47,3
end_of_record

SF:/home/claude/itb-week-2/morpho-blue/lib/chimera/src/FoundryAsserts.sol
DA:7,0
DA:28,0
DA:29,0
end_of_record

SF:/home/claude/itb-week-2/morpho-blue/lib/chimera/src/Hevm.sol
DA:61,22
end_of_record

SF:/home/claude/itb-week-2/morpho-blue/lib/setup-helpers/src/ActorManager.sol
DA:30,6
DA:31,8
DA:35,47
DA:36,94
DA:40,2
DA:41,4
DA:76,3
DA:77,7
DA:78,12
end_of_record

SF:/home/claude/itb-week-2/morpho-blue/lib/setup-helpers/src/AssetManager.sol
DA:29,4
DA:30,7
DA:31,0
DA:34,5
DA:38,4
DA:39,7
DA:45,6
DA:46,53
DA:47,9
DA:48,24
DA:54,2
DA:55,20
DA:56,0
DA:59,10
DA:75,2
DA:76,7
DA:77,16
DA:86,5
DA:89,6
DA:90,22
DA:91,24
DA:98,1
DA:100,7
DA:101,20
DA:102,22
DA:103,62
DA:104,79
DA:112,1
DA:114,7
DA:115,20
DA:116,21
DA:117,62
DA:118,77
end_of_record

SF:/home/claude/itb-week-2/morpho-blue/lib/setup-helpers/src/EnumerableSet.sol
DA:41,0
DA:65,3
DA:66,4
DA:67,44
DA:70,36
DA:71,4
DA:73,0
DA:120,2
DA:121,52
DA:141,7
DA:142,24
DA:153,6
DA:154,69
DA:243,10
DA:244,14
DA:260,4
DA:261,7
DA:281,8
DA:282,7
DA:293,4
DA:294,7
end_of_record

SF:/home/claude/itb-week-2/morpho-blue/lib/setup-helpers/src/MockERC20.sol
DA:34,8
DA:36,0
DA:38,0
DA:44,0
DA:46,0
DA:48,0
DA:58,0
DA:65,6
DA:66,7
DA:67,5
DA:69,3
DA:70,6
DA:77,24
DA:78,30
DA:80,13
DA:82,1
DA:85,14
DA:86,11
DA:87,17
DA:89,23
DA:94,16
DA:97,14
DA:99,2
DA:102,16
DA:103,25
DA:104,10
DA:106,6
DA:107,24
DA:108,31
DA:111,16
DA:112,29
DA:117,16
DA:120,11
DA:122,2
DA:129,0
DA:133,0
DA:138,0
DA:139,0
DA:140,0
DA:142,0
DA:143,0
DA:144,0
DA:145,0
DA:151,0
DA:162,0
DA:164,0
DA:167,0
DA:170,0
DA:171,0
DA:174,4
DA:175,8
DA:176,15
DA:177,1
DA:178,18
DA:179,1
DA:180,1
DA:181,1
DA:190,5
DA:191,12
DA:192,8
DA:193,4
DA:198,22
DA:201,11
DA:204,0
DA:205,0
DA:206,0
DA:208,0
DA:213,0
DA:216,0
DA:220,107
DA:221,31
DA:223,16
DA:224,6
DA:227,0
DA:228,0
end_of_record

SF:/home/claude/itb-week-2/morpho-blue/lib/setup-helpers/src/Panic.sol
DA:4,0
end_of_record

SF:/home/claude/itb-week-2/morpho-blue/lib/setup-helpers/src/Utils.sol
DA:6,0
end_of_record

SF:/home/claude/itb-week-2/morpho-blue/src/Morpho.sol
DA:38,202
DA:49,0
DA:54,0
DA:56,0
DA:58,0
DA:60,0
DA:62,0
DA:64,0
DA:66,0
DA:68,0
DA:70,0
DA:75,28
DA:76,21
DA:78,30
DA:79,13
DA:81,3
DA:88,203
DA:95,15
DA:96,42
DA:98,15
DA:100,5
DA:104,13
DA:105,55
DA:107,23
DA:109,4
DA:113,13
DA:114,52
DA:115,34
DA:117,21
DA:119,13
DA:123,15
DA:124,1
DA:125,40
DA:126,58
DA:127,36
DA:130,6
DA:133,30
DA:135,13
DA:139,13
DA:140,42
DA:142,14
DA:144,5
DA:150,14
DA:151,1
DA:152,44
DA:153,43
DA:154,54
DA:157,29
DA:158,98
DA:160,15
DA:166,11
DA:172,2
DA:173,6
DA:174,42
DA:175,32
DA:176,36
DA:178,6
DA:180,37
DA:181,29
DA:183,38
DA:184,52
DA:185,49
DA:187,24
DA:189,25
DA:197,11
DA:203,2
DA:204,6
DA:205,42
DA:206,32
DA:207,36
DA:209,39
DA:211,6
DA:213,37
DA:214,29
DA:216,34
DA:217,0
DA:218,0
DA:220,0
DA:222,0
DA:232,14
DA:238,2
DA:239,6
DA:240,42
DA:241,32
DA:242,36
DA:244,39
DA:246,6
DA:248,39
DA:249,31
DA:251,64
DA:252,53
DA:253,51
DA:255,40
DA:256,63
DA:258,25
DA:260,11
DA:262,4
DA:266,26
DA:272,2
DA:273,6
DA:274,42
DA:275,32
DA:276,36
DA:278,6
DA:280,39
DA:281,31
DA:283,64
DA:284,56
DA:285,53
DA:288,17
DA:290,38
DA:292,12
DA:294,4
DA:300,17
DA:302,1
DA:303,1
DA:304,40
DA:305,33
DA:306,36
DA:310,66
DA:312,21
DA:314,59
DA:316,14
DA:320,16
DA:322,1
DA:323,1
DA:324,40
DA:325,33
DA:326,36
DA:328,39
DA:330,6
DA:332,66
DA:334,40
DA:336,24
DA:338,13
DA:344,11
DA:350,2
DA:351,6
DA:352,42
DA:353,33
DA:355,6
DA:357,65
DA:359,43
DA:361,1
DA:362,1
DA:364,4
DA:366,23
DA:369,8
DA:370,4
DA:371,12
DA:372,29
DA:374,31
DA:375,2
DA:376,12
DA:380,64
DA:381,56
DA:382,42
DA:384,66
DA:386,1
DA:387,50
DA:388,0
DA:389,0
DA:390,0
DA:391,0
DA:394,0
DA:395,0
DA:396,0
DA:397,0
DA:400,13
DA:403,20
DA:405,58
DA:407,0
DA:409,0
DA:415,11
DA:416,9
DA:418,17
DA:420,54
DA:422,0
DA:428,14
DA:429,45
DA:431,11
DA:435,11
DA:436,40
DA:437,64
DA:439,25
DA:440,29
DA:441,57
DA:443,53
DA:445,0
DA:447,0
DA:449,0
DA:450,0
DA:455,4
DA:456,37
DA:462,14
DA:463,1
DA:464,41
DA:466,6
DA:471,5
DA:472,23
DA:474,7
DA:476,84
DA:477,28
DA:478,51
DA:479,52
DA:482,21
DA:483,29
DA:486,48
DA:487,37
DA:488,52
DA:491,14
DA:494,22
DA:501,4
DA:502,35
DA:504,65
DA:506,9
DA:513,3
DA:516,3
DA:518,30
DA:519,27
DA:521,44
DA:522,5
DA:524,6
DA:530,0
DA:531,0
DA:533,0
DA:535,0
DA:536,0
DA:538,0
DA:539,0
end_of_record

SF:/home/claude/itb-week-2/morpho-blue/src/interfaces/IERC20.sol
end_of_record

SF:/home/claude/itb-week-2/morpho-blue/src/interfaces/IIrm.sol
end_of_record

SF:/home/claude/itb-week-2/morpho-blue/src/interfaces/IMorpho.sol
end_of_record

SF:/home/claude/itb-week-2/morpho-blue/src/interfaces/IMorphoCallbacks.sol
end_of_record

SF:/home/claude/itb-week-2/morpho-blue/src/interfaces/IOracle.sol
end_of_record

SF:/home/claude/itb-week-2/morpho-blue/src/libraries/ConstantsLib.sol
DA:5,1
DA:8,3
DA:11,2
DA:14,1
DA:17,1
DA:21,1
end_of_record

SF:/home/claude/itb-week-2/morpho-blue/src/libraries/ErrorsLib.sol
DA:8,0
end_of_record

SF:/home/claude/itb-week-2/morpho-blue/src/libraries/EventsLib.sol
DA:10,0
end_of_record

SF:/home/claude/itb-week-2/morpho-blue/src/libraries/MarketParamsLib.sol
DA:10,0
DA:16,5
DA:18,35
end_of_record

SF:/home/claude/itb-week-2/morpho-blue/src/libraries/MathLib.sol
DA:4,10
DA:10,0
DA:12,2
DA:13,5
DA:17,2
DA:18,5
DA:22,2
DA:23,5
DA:27,2
DA:28,6
DA:32,2
DA:33,24
DA:38,5
DA:39,9
DA:40,12
DA:41,10
DA:43,13
end_of_record

SF:/home/claude/itb-week-2/morpho-blue/src/libraries/SafeTransferLib.sol
DA:19,0
DA:21,1
DA:22,8
DA:23,92
DA:24,34
DA:25,42
DA:29,8
DA:30,8
DA:31,88
DA:32,34
DA:33,44
end_of_record

SF:/home/claude/itb-week-2/morpho-blue/src/libraries/SharesMathLib.sol
DA:12,0
DA:17,4
DA:21,4
DA:24,9
DA:25,19
DA:29,2
DA:30,10
DA:34,2
DA:35,10
DA:39,2
DA:40,16
end_of_record

SF:/home/claude/itb-week-2/morpho-blue/src/libraries/UtilsLib.sol
DA:11,0
DA:15,25
DA:20,1
DA:22,8
DA:27,5
DA:28,36
DA:29,2
DA:35,12
end_of_record

SF:/home/claude/itb-week-2/morpho-blue/src/libraries/periphery/MorphoBalancesLib.sol
DA:20,0
end_of_record

SF:/home/claude/itb-week-2/morpho-blue/src/libraries/periphery/MorphoLib.sol
DA:12,0
end_of_record

SF:/home/claude/itb-week-2/morpho-blue/src/libraries/periphery/MorphoStorageLib.sol
DA:11,0
end_of_record

SF:/home/claude/itb-week-2/morpho-blue/src/mocks/ERC20Mock.sol
DA:6,0
DA:7,0
DA:9,0
DA:10,0
DA:12,0
DA:13,0
DA:14,0
DA:16,0
DA:19,0
DA:20,0
DA:22,0
DA:24,0
DA:27,0
DA:28,0
DA:30,0
DA:31,0
DA:33,0
DA:38,0
DA:39,0
DA:41,0
DA:43,0
DA:45,0
DA:46,0
DA:48,0
DA:50,0
end_of_record

SF:/home/claude/itb-week-2/morpho-blue/src/mocks/FlashBorrowerMock.sol
DA:8,0
DA:11,0
DA:12,0
DA:15,0
DA:16,0
DA:19,0
DA:20,0
DA:21,0
DA:22,0
end_of_record

SF:/home/claude/itb-week-2/morpho-blue/src/mocks/IrmMock.sol
DA:9,0
DA:12,0
DA:13,0
DA:15,0
DA:19,0
DA:22,0
DA:23,0
end_of_record

SF:/home/claude/itb-week-2/morpho-blue/src/mocks/OracleMock.sol
DA:6,50
DA:7,16
DA:9,11
DA:10,2
end_of_record

SF:/home/claude/itb-week-2/morpho-blue/src/mocks/interfaces/IERC20.sol
end_of_record

SF:/home/claude/itb-week-2/morpho-blue/test/recon/BeforeAfter.sol
end_of_record

SF:/home/claude/itb-week-2/morpho-blue/test/recon/CryticTester.sol
DA:10,293
DA:12,4
end_of_record

SF:/home/claude/itb-week-2/morpho-blue/test/recon/CryticToFoundry.sol
DA:13,0
DA:14,0
DA:15,0
DA:17,0
DA:27,0
DA:28,0
DA:29,0
DA:31,0
DA:33,0
DA:36,0
DA:37,0
DA:38,0
DA:40,0
DA:42,0
DA:44,0
DA:46,0
DA:49,0
DA:50,0
DA:51,0
DA:53,0
DA:55,0
DA:57,0
DA:60,0
DA:62,0
DA:65,0
DA:68,0
DA:73,0
DA:75,0
DA:76,0
DA:77,0
DA:79,0
DA:80,0
DA:81,0
DA:84,0
DA:85,0
DA:86,0
DA:88,0
DA:89,0
DA:91,0
DA:93,0
DA:94,0
DA:95,0
end_of_record

SF:/home/claude/itb-week-2/morpho-blue/test/recon/Properties.sol
DA:9,7
DA:10,29
DA:13,12
DA:14,33
end_of_record

SF:/home/claude/itb-week-2/morpho-blue/test/recon/Setup.sol
DA:22,55
DA:25,0
DA:26,0
DA:30,2
DA:33,20
DA:52,4
DA:54,36
DA:57,36
DA:60,35
DA:62,40
DA:65,9
DA:66,5
DA:69,45
DA:70,46
DA:72,11
DA:73,114
DA:74,15
DA:75,20
DA:76,4
DA:77,4
DA:78,1
DA:81,39
DA:84,44
DA:85,26
DA:87,9
DA:94,41
DA:99,760
end_of_record

SF:/home/claude/itb-week-2/morpho-blue/test/recon/TargetFunctions.sol
DA:24,13
DA:25,56
end_of_record

SF:/home/claude/itb-week-2/morpho-blue/test/recon/targets/AdminTargets.sol
end_of_record

SF:/home/claude/itb-week-2/morpho-blue/test/recon/targets/DoomsdayTargets.sol
end_of_record

SF:/home/claude/itb-week-2/morpho-blue/test/recon/targets/ManagersTargets.sol
DA:22,11
DA:23,4
DA:28,11
DA:29,4
DA:33,26
DA:34,7
DA:44,11
DA:45,66
DA:49,11
DA:50,54
end_of_record

SF:/home/claude/itb-week-2/morpho-blue/test/recon/targets/MorphoTargets.sol
DA:20,11
DA:21,19
DA:24,11
DA:25,18
DA:29,11
DA:30,8
DA:33,13
DA:34,20
DA:37,17
DA:38,9
DA:47,5
DA:48,22
DA:51,11
DA:52,19
DA:55,6
DA:56,61
DA:59,11
DA:60,18
DA:63,11
DA:64,18
DA:67,11
DA:68,26
DA:71,11
DA:72,55
DA:73,0
DA:76,14
DA:77,84
DA:78,9
DA:81,11
DA:82,33
DA:85,11
DA:86,18
DA:89,11
DA:90,19
DA:93,11
DA:94,18
DA:97,11
DA:98,18
DA:101,16
DA:102,86
DA:105,15
DA:106,67
DA:109,11
DA:110,19
DA:113,11
DA:114,19
end_of_record

